[debug] [2022-09-19T21:32:08.591Z] ----------------------------------------------------------------------
[debug] [2022-09-19T21:32:08.593Z] Command:       C:\Program Files\nodejs\node.exe C:\Users\imenm\AppData\Roaming\npm\node_modules\firebase-tools\lib\bin\firebase.js init
[debug] [2022-09-19T21:32:08.594Z] CLI Version:   11.9.0
[debug] [2022-09-19T21:32:08.594Z] Platform:      win32
[debug] [2022-09-19T21:32:08.594Z] Node Version:  v16.17.0
[debug] [2022-09-19T21:32:08.595Z] Time:          Mon Sep 19 2022 23:32:08 GMT+0200 (heure d’été d’Europe centrale)
[debug] [2022-09-19T21:32:08.596Z] ----------------------------------------------------------------------
[debug] 
[debug] [2022-09-19T21:32:08.604Z] > command requires scopes: ["email","openid","https://www.googleapis.com/auth/cloudplatformprojects.readonly","https://www.googleapis.com/auth/firebase","https://www.googleapis.com/auth/cloud-platform"]
[debug] [2022-09-19T21:32:08.604Z] > authorizing via signed-in user (mf44554223@gmail.com)
[info] 
     ######## #### ########  ######## ########     ###     ######  ########
     ##        ##  ##     ## ##       ##     ##  ##   ##  ##       ##
     ######    ##  ########  ######   ########  #########  ######  ######
     ##        ##  ##    ##  ##       ##     ## ##     ##       ## ##
     ##       #### ##     ## ######## ########  ##     ##  ######  ########

You're about to initialize a Firebase project in this directory:

  C:\Users\imenm\Downloads\html-css-website-v1-master

[info] 
=== Project Setup
[info] 
[info] First, let's associate this project directory with a Firebase project.
[info] You can create multiple project aliases by running firebase use --add, 
[info] but for now we'll just set up a default project.
[info] 
[debug] [2022-09-19T21:37:21.301Z] >>> [apiv2][query] GET https://firebase.googleapis.com/v1beta1/projects pageSize=100
[debug] [2022-09-19T21:37:22.017Z] <<< [apiv2][status] GET https://firebase.googleapis.com/v1beta1/projects 200
[debug] [2022-09-19T21:37:22.017Z] <<< [apiv2][body] GET https://firebase.googleapis.com/v1beta1/projects [omitted]
[info] i  Using project fetoui-website (fetoui-website) 
[info] 
=== Hosting Setup
[info] 
[info] Your public directory is the folder (relative to your project directory) that
[info] will contain Hosting assets to be uploaded with firebase deploy. If you
[info] have a build process for your assets, use your build's output directory.
[info] 
